{"level":"info","message":"2 plugins loaded: we-core,project","timestamp":"2015-05-23T20:02:12.101Z"}
{"controller":"ContactController","action":"getAllAuthenticatedUserContacts","model":"message","responseType":"json","permission":true,"path":"get /contact","pluginPath":"/home/a/projetos/plugins/we-plugin-contact","level":"warn","message":"we.router.bindRoute: Unknow controller or action: /contact","timestamp":"2015-05-23T20:02:13.108Z"}
{"level":"info","message":"Listening on port 9800","timestamp":"2015-05-23T20:02:13.114Z"}
{"level":"info","message":"AuthController:login: user autheticated: 1 f9ca3a3cb61481f","timestamp":"2015-05-23T20:02:13.372Z"}
{"level":"info","message":"AuthController:login: user autheticated: 2 494ac145e80d4c3","timestamp":"2015-05-23T20:02:13.383Z"}
{"level":"info","message":"2 plugins loaded: we-core,project","timestamp":"2015-05-23T20:03:12.428Z"}
{"level":"info","message":"Listening on port 9800","timestamp":"2015-05-23T20:03:13.488Z"}
{"level":"info","message":"AuthController:login: user autheticated: 2 20856007c900517","timestamp":"2015-05-23T20:03:13.740Z"}
{"level":"info","message":"AuthController:login: user autheticated: 1 e34a560a3c2217a","timestamp":"2015-05-23T20:03:13.746Z"}
{"level":"info","message":"2 plugins loaded: we-core,project","timestamp":"2015-05-23T20:03:34.969Z"}
{"level":"info","message":"Listening on port 9800","timestamp":"2015-05-23T20:03:36.030Z"}
{"level":"info","message":"AuthController:login: user autheticated: 2 cf8156b622a8da1","timestamp":"2015-05-23T20:03:36.279Z"}
{"level":"info","message":"AuthController:login: user autheticated: 1 f6d2d9a38df699f","timestamp":"2015-05-23T20:03:36.286Z"}
{"level":"info","message":"2 plugins loaded: we-core,project","timestamp":"2015-05-23T20:04:14.337Z"}
{"level":"info","message":"Listening on port 9800","timestamp":"2015-05-23T20:04:15.337Z"}
{"level":"info","message":"AuthController:login: user autheticated: 2 8be55dcdbc920f7","timestamp":"2015-05-23T20:04:15.593Z"}
{"level":"info","message":"AuthController:login: user autheticated: 1 97b82e98c0599b8","timestamp":"2015-05-23T20:04:15.599Z"}
{"level":"info","message":"2 plugins loaded: we-core,project","timestamp":"2015-05-23T20:05:14.400Z"}
{"level":"info","message":"Listening on port 9800","timestamp":"2015-05-23T20:05:15.463Z"}
{"level":"info","message":"AuthController:login: user autheticated: 2 4e926d08cc755c7","timestamp":"2015-05-23T20:05:15.713Z"}
{"level":"info","message":"AuthController:login: user autheticated: 1 59c11ffc9c8bded","timestamp":"2015-05-23T20:05:15.719Z"}
{"level":"info","message":"2 plugins loaded: we-core,project","timestamp":"2015-05-23T20:06:28.640Z"}
{"level":"info","message":"Listening on port 9800","timestamp":"2015-05-23T20:06:29.643Z"}
{"level":"info","message":"AuthController:login: user autheticated: 2 5c90b496e9025c5","timestamp":"2015-05-23T20:06:29.874Z"}
{"level":"info","message":"AuthController:login: user autheticated: 1 91e8f2c14950be1","timestamp":"2015-05-23T20:06:29.880Z"}
{"level":"info","message":"2 plugins loaded: we-core,project","timestamp":"2015-05-23T20:06:46.998Z"}
{"level":"info","message":"Listening on port 9800","timestamp":"2015-05-23T20:06:48.025Z"}
{"level":"info","message":"AuthController:login: user autheticated: 2 5888ba479e3fe6d","timestamp":"2015-05-23T20:06:48.252Z"}
{"level":"info","message":"AuthController:login: user autheticated: 1 51c2e428edd5904","timestamp":"2015-05-23T20:06:48.260Z"}
{"level":"info","message":"2 plugins loaded: we-core,project","timestamp":"2015-05-23T20:07:15.753Z"}
{"level":"info","message":"Listening on port 9800","timestamp":"2015-05-23T20:07:16.750Z"}
{"level":"info","message":"AuthController:login: user autheticated: 2 aad6ae863e8f4e2","timestamp":"2015-05-23T20:07:17.010Z"}
{"level":"info","message":"AuthController:login: user autheticated: 1 dce4424e84deaea","timestamp":"2015-05-23T20:07:17.017Z"}
{"level":"info","message":"2 plugins loaded: we-core,project","timestamp":"2015-05-23T20:09:58.734Z"}
{"level":"info","message":"Listening on port 9800","timestamp":"2015-05-23T20:09:59.744Z"}
{"level":"info","message":"AuthController:login: user autheticated: 2 5790bd5a52791d1","timestamp":"2015-05-23T20:09:59.986Z"}
{"level":"info","message":"AuthController:login: user autheticated: 1 331fc509249de5b","timestamp":"2015-05-23T20:09:59.996Z"}
{"level":"info","message":"2 plugins loaded: we-core,project","timestamp":"2015-05-23T20:10:33.562Z"}
{"level":"info","message":"Listening on port 9800","timestamp":"2015-05-23T20:10:34.521Z"}
{"level":"info","message":"AuthController:login: user autheticated: 1 e4136bb0b3029a0","timestamp":"2015-05-23T20:10:34.770Z"}
{"level":"info","message":"AuthController:login: user autheticated: 2 efb93a16dd1de7f","timestamp":"2015-05-23T20:10:34.776Z"}
{"level":"info","message":"2 plugins loaded: we-core,project","timestamp":"2015-05-23T20:11:00.408Z"}
{"level":"info","message":"Listening on port 9800","timestamp":"2015-05-23T20:11:01.398Z"}
{"level":"info","message":"AuthController:login: user autheticated: 2 cf3c47bf24ffdac","timestamp":"2015-05-23T20:11:01.638Z"}
{"level":"info","message":"AuthController:login: user autheticated: 1 a51e3bc33750f12","timestamp":"2015-05-23T20:11:01.646Z"}
{"level":"info","message":"2 plugins loaded: we-core,project","timestamp":"2015-05-23T20:11:19.850Z"}
{"level":"info","message":"Listening on port 9800","timestamp":"2015-05-23T20:11:20.810Z"}
{"level":"info","message":"AuthController:login: user autheticated: 2 658d5f602aa24cb","timestamp":"2015-05-23T20:11:21.038Z"}
{"level":"info","message":"AuthController:login: user autheticated: 1 3b208f71049a030","timestamp":"2015-05-23T20:11:21.043Z"}
{"level":"info","message":"2 plugins loaded: we-core,project","timestamp":"2015-05-23T20:11:41.360Z"}
{"level":"info","message":"Listening on port 9800","timestamp":"2015-05-23T20:11:42.334Z"}
{"level":"info","message":"AuthController:login: user autheticated: 1 3518cb0c977f42e","timestamp":"2015-05-23T20:11:42.585Z"}
{"level":"info","message":"AuthController:login: user autheticated: 2 b27e1dd06e46a1f","timestamp":"2015-05-23T20:11:42.597Z"}
{"level":"info","message":"2 plugins loaded: we-core,project","timestamp":"2015-05-23T20:14:54.430Z"}
{"level":"info","message":"Listening on port 9800","timestamp":"2015-05-23T20:14:55.435Z"}
{"level":"info","message":"AuthController:login: user autheticated: 1 b0de26e15d82884","timestamp":"2015-05-23T20:14:55.690Z"}
{"level":"info","message":"AuthController:login: user autheticated: 2 fd1e99d56eee806","timestamp":"2015-05-23T20:14:55.696Z"}
{"level":"info","message":"2 plugins loaded: we-core,project","timestamp":"2015-05-23T20:16:44.097Z"}
{"level":"info","message":"Listening on port 9800","timestamp":"2015-05-23T20:16:45.099Z"}
{"level":"info","message":"AuthController:login: user autheticated: 1 f1f7759e0d6b6a1","timestamp":"2015-05-23T20:16:45.349Z"}
{"level":"info","message":"AuthController:login: user autheticated: 2 ddfb571812c1505","timestamp":"2015-05-23T20:16:45.357Z"}
{"level":"info","message":"2 plugins loaded: we-core,project","timestamp":"2015-05-23T20:17:01.908Z"}
{"level":"info","message":"Listening on port 9800","timestamp":"2015-05-23T20:17:02.899Z"}
{"level":"info","message":"AuthController:login: user autheticated: 1 98d177118744721","timestamp":"2015-05-23T20:17:03.127Z"}
{"level":"info","message":"AuthController:login: user autheticated: 2 db189c68df9398e","timestamp":"2015-05-23T20:17:03.134Z"}
{"level":"info","message":"2 plugins loaded: we-core,project","timestamp":"2015-05-23T20:19:57.697Z"}
{"level":"info","message":"Listening on port 9800","timestamp":"2015-05-23T20:19:58.685Z"}
{"level":"info","message":"AuthController:login: user autheticated: 2 1ba3fecd774171d","timestamp":"2015-05-23T20:19:58.945Z"}
{"level":"info","message":"AuthController:login: user autheticated: 1 45cae8da448673f","timestamp":"2015-05-23T20:19:58.952Z"}
{"level":"error","timestamp":"2015-05-23T20:19:58.994Z"}
{"level":"info","message":"2 plugins loaded: we-core,project","timestamp":"2015-05-23T20:21:06.512Z"}
{"level":"info","message":"Listening on port 9800","timestamp":"2015-05-23T20:21:07.489Z"}
{"level":"info","message":"AuthController:login: user autheticated: 1 09815f47adec514","timestamp":"2015-05-23T20:21:07.747Z"}
{"level":"info","message":"AuthController:login: user autheticated: 2 e1731f1e087df27","timestamp":"2015-05-23T20:21:07.755Z"}
{"level":"error","timestamp":"2015-05-23T20:21:07.801Z"}
{"level":"info","message":"2 plugins loaded: we-core,project","timestamp":"2015-05-23T20:21:39.090Z"}
{"level":"info","message":"Listening on port 9800","timestamp":"2015-05-23T20:21:40.056Z"}
{"level":"info","message":"AuthController:login: user autheticated: 2 5249d793216c7fe","timestamp":"2015-05-23T20:21:40.308Z"}
{"level":"info","message":"AuthController:login: user autheticated: 1 8f45617139971b8","timestamp":"2015-05-23T20:21:40.316Z"}
{"level":"info","message":"2 plugins loaded: we-core,project","timestamp":"2015-05-23T20:27:29.151Z"}
{"level":"info","message":"Listening on port 9800","timestamp":"2015-05-23T20:27:30.105Z"}
{"level":"info","message":"AuthController:login: user autheticated: 1 db863f3010ae8d5","timestamp":"2015-05-23T20:27:30.342Z"}
{"level":"info","message":"AuthController:login: user autheticated: 2 44d04b46c7f56db","timestamp":"2015-05-23T20:27:30.349Z"}
{"level":"info","message":"2 plugins loaded: we-core,project","timestamp":"2015-05-23T20:32:02.031Z"}
{"level":"info","message":"Listening on port 9800","timestamp":"2015-05-23T20:32:02.999Z"}
{"level":"info","message":"AuthController:login: user autheticated: 2 c70efb7cf99dcee","timestamp":"2015-05-23T20:32:03.223Z"}
{"level":"info","message":"AuthController:login: user autheticated: 1 75225ebd245d783","timestamp":"2015-05-23T20:32:03.231Z"}
{"level":"info","message":"2 plugins loaded: we-core,project","timestamp":"2015-05-23T20:32:32.798Z"}
{"level":"info","message":"Listening on port 9800","timestamp":"2015-05-23T20:32:33.735Z"}
{"level":"info","message":"AuthController:login: user autheticated: 1 a2f9ceb0de072e7","timestamp":"2015-05-23T20:32:33.982Z"}
{"level":"info","message":"AuthController:login: user autheticated: 2 f6262521ae146ac","timestamp":"2015-05-23T20:32:33.992Z"}
{"level":"info","message":"2 plugins loaded: we-core,project","timestamp":"2015-05-23T20:32:49.378Z"}
{"level":"info","message":"Listening on port 9800","timestamp":"2015-05-23T20:32:50.384Z"}
{"level":"info","message":"AuthController:login: user autheticated: 1 df148a0736b6b2d","timestamp":"2015-05-23T20:32:50.631Z"}
{"level":"info","message":"AuthController:login: user autheticated: 2 f105f493f887c54","timestamp":"2015-05-23T20:32:50.640Z"}
{"level":"info","message":"2 plugins loaded: we-core,project","timestamp":"2015-05-23T20:35:42.387Z"}
{"level":"info","message":"Listening on port 9800","timestamp":"2015-05-23T20:35:43.360Z"}
{"level":"info","message":"AuthController:login: user autheticated: 2 7d71689c9058d58","timestamp":"2015-05-23T20:35:43.600Z"}
{"level":"info","message":"AuthController:login: user autheticated: 1 2eaa0d8bad22a80","timestamp":"2015-05-23T20:35:43.606Z"}
{"level":"info","message":"2 plugins loaded: we-core,project","timestamp":"2015-05-23T20:40:22.335Z"}
{"level":"info","message":"Listening on port 9800","timestamp":"2015-05-23T20:40:23.287Z"}
{"level":"info","message":"AuthController:login: user autheticated: 1 1f83b0b29710b1a","timestamp":"2015-05-23T20:40:23.536Z"}
{"level":"info","message":"AuthController:login: user autheticated: 2 07091efaf4c4da5","timestamp":"2015-05-23T20:40:23.546Z"}
{"level":"error","timestamp":"2015-05-23T20:40:23.630Z"}
{"level":"info","message":"2 plugins loaded: we-core,project","timestamp":"2015-05-23T20:42:53.366Z"}
{"level":"info","message":"Listening on port 9800","timestamp":"2015-05-23T20:42:54.293Z"}
{"level":"info","message":"AuthController:login: user autheticated: 2 beef7657d01a256","timestamp":"2015-05-23T20:42:54.553Z"}
{"level":"info","message":"AuthController:login: user autheticated: 1 4754420da4e7781","timestamp":"2015-05-23T20:42:54.560Z"}
{"level":"error","timestamp":"2015-05-23T20:42:54.646Z"}
{"level":"info","message":"2 plugins loaded: we-core,project","timestamp":"2015-05-23T20:50:10.611Z"}
{"level":"info","message":"Listening on port 9800","timestamp":"2015-05-23T20:50:11.553Z"}
{"level":"info","message":"AuthController:login: user autheticated: 2 f774ca8e45ec39f","timestamp":"2015-05-23T20:50:11.800Z"}
{"level":"info","message":"AuthController:login: user autheticated: 1 7bb5923d4ecd088","timestamp":"2015-05-23T20:50:11.807Z"}
{"level":"info","message":"2 plugins loaded: we-core,project","timestamp":"2015-05-23T21:01:27.067Z"}
{"level":"info","message":"Listening on port 9800","timestamp":"2015-05-23T21:01:28.037Z"}
{"level":"info","message":"AuthController:login: user autheticated: 2 300edc1228b41ab","timestamp":"2015-05-23T21:01:28.281Z"}
{"level":"info","message":"AuthController:login: user autheticated: 1 42ca4d59e8e0ea2","timestamp":"2015-05-23T21:01:28.288Z"}
{"level":"info","message":"2 plugins loaded: we-core,project","timestamp":"2015-05-23T21:02:15.482Z"}
{"level":"info","message":"Listening on port 9800","timestamp":"2015-05-23T21:02:16.427Z"}
{"level":"info","message":"AuthController:login: user autheticated: 2 b4eac3509ca066e","timestamp":"2015-05-23T21:02:16.674Z"}
{"level":"info","message":"AuthController:login: user autheticated: 1 00310465b2a7f0a","timestamp":"2015-05-23T21:02:16.680Z"}
{"level":"info","message":"2 plugins loaded: we-core,project","timestamp":"2015-05-23T21:04:07.880Z"}
{"level":"info","message":"Listening on port 9800","timestamp":"2015-05-23T21:04:08.826Z"}
{"level":"info","message":"AuthController:login: user autheticated: 1 6326d32d6e82774","timestamp":"2015-05-23T21:04:09.070Z"}
{"level":"info","message":"AuthController:login: user autheticated: 2 3860a45c42c8444","timestamp":"2015-05-23T21:04:09.079Z"}
{"level":"info","message":"2 plugins loaded: we-core,project","timestamp":"2015-05-23T21:04:13.815Z"}
{"level":"info","message":"Listening on port 9800","timestamp":"2015-05-23T21:04:14.813Z"}
{"level":"info","message":"AuthController:login: user autheticated: 2 5f6ce73a19e1ff7","timestamp":"2015-05-23T21:04:15.074Z"}
{"level":"info","message":"AuthController:login: user autheticated: 1 2e1344dbaba25cd","timestamp":"2015-05-23T21:04:15.084Z"}
{"level":"info","message":"2 plugins loaded: we-core,project","timestamp":"2015-05-23T21:04:36.454Z"}
{"level":"info","message":"Listening on port 9800","timestamp":"2015-05-23T21:04:37.449Z"}
{"level":"info","message":"AuthController:login: user autheticated: 2 400824071a3a5d9","timestamp":"2015-05-23T21:04:37.685Z"}
{"level":"info","message":"AuthController:login: user autheticated: 1 8caad10756e533f","timestamp":"2015-05-23T21:04:37.690Z"}
{"level":"info","message":"2 plugins loaded: we-core,project","timestamp":"2015-05-23T21:05:02.071Z"}
{"level":"info","message":"Listening on port 9800","timestamp":"2015-05-23T21:05:03.053Z"}
{"level":"info","message":"AuthController:login: user autheticated: 1 b14a20515a03483","timestamp":"2015-05-23T21:05:03.298Z"}
{"level":"info","message":"AuthController:login: user autheticated: 2 6fbf0d963a2cc01","timestamp":"2015-05-23T21:05:03.306Z"}
{"level":"info","message":"2 plugins loaded: we-core,project","timestamp":"2015-05-23T21:05:17.914Z"}
{"level":"info","message":"Listening on port 9800","timestamp":"2015-05-23T21:05:18.869Z"}
{"level":"info","message":"AuthController:login: user autheticated: 2 a7f34fd4bd25b4e","timestamp":"2015-05-23T21:05:19.125Z"}
{"level":"info","message":"AuthController:login: user autheticated: 1 1590832e4e73de0","timestamp":"2015-05-23T21:05:19.134Z"}
{"level":"info","message":"2 plugins loaded: we-core,project","timestamp":"2015-05-23T21:05:51.305Z"}
{"level":"info","message":"Listening on port 9800","timestamp":"2015-05-23T21:05:52.229Z"}
{"level":"info","message":"AuthController:login: user autheticated: 1 4cdad55a5346fde","timestamp":"2015-05-23T21:05:52.473Z"}
{"level":"info","message":"AuthController:login: user autheticated: 2 1aa5f7cc29b11fd","timestamp":"2015-05-23T21:05:52.479Z"}
{"level":"info","message":"2 plugins loaded: we-core,project","timestamp":"2015-05-23T21:06:57.196Z"}
{"level":"info","message":"Listening on port 9800","timestamp":"2015-05-23T21:06:58.165Z"}
{"level":"info","message":"AuthController:login: user autheticated: 1 c031909a405d4d8","timestamp":"2015-05-23T21:06:58.403Z"}
{"level":"info","message":"AuthController:login: user autheticated: 2 ad276d8ca135798","timestamp":"2015-05-23T21:06:58.410Z"}
{"level":"info","message":"2 plugins loaded: we-core,project","timestamp":"2015-05-23T21:07:42.710Z"}
{"level":"info","message":"Listening on port 9800","timestamp":"2015-05-23T21:07:43.674Z"}
{"level":"info","message":"AuthController:login: user autheticated: 2 7f95b91b684991a","timestamp":"2015-05-23T21:07:43.930Z"}
{"level":"info","message":"AuthController:login: user autheticated: 1 322efb8749e8e73","timestamp":"2015-05-23T21:07:43.938Z"}
{"level":"info","message":"2 plugins loaded: we-core,project","timestamp":"2015-05-23T21:09:00.245Z"}
{"level":"info","message":"Listening on port 9800","timestamp":"2015-05-23T21:09:01.195Z"}
{"level":"info","message":"AuthController:login: user autheticated: 1 4927058c03aed13","timestamp":"2015-05-23T21:09:01.435Z"}
{"level":"info","message":"AuthController:login: user autheticated: 2 6fa02641b5f0ffa","timestamp":"2015-05-23T21:09:01.442Z"}
{"level":"info","message":"2 plugins loaded: we-core,project","timestamp":"2015-05-23T21:13:15.970Z"}
{"level":"info","message":"Listening on port 9800","timestamp":"2015-05-23T21:13:16.927Z"}
{"level":"info","message":"AuthController:login: user autheticated: 1 71f606c75349189","timestamp":"2015-05-23T21:13:17.172Z"}
{"level":"info","message":"AuthController:login: user autheticated: 2 ac188f7491252b2","timestamp":"2015-05-23T21:13:17.177Z"}
{"level":"info","message":"2 plugins loaded: we-core,project","timestamp":"2015-05-23T21:20:18.615Z"}
{"level":"info","message":"Listening on port 9800","timestamp":"2015-05-23T21:20:19.576Z"}
{"level":"info","message":"AuthController:login: user autheticated: 1 bc1a0d6b393e148","timestamp":"2015-05-23T21:20:19.824Z"}
{"level":"info","message":"AuthController:login: user autheticated: 2 d858cef939b5b24","timestamp":"2015-05-23T21:20:19.831Z"}
{"level":"info","message":"2 plugins loaded: we-core,project","timestamp":"2015-05-23T21:20:45.882Z"}
{"level":"info","message":"Listening on port 9800","timestamp":"2015-05-23T21:20:46.808Z"}
{"level":"info","message":"AuthController:login: user autheticated: 2 03653790d0f19a3","timestamp":"2015-05-23T21:20:47.056Z"}
{"level":"info","message":"AuthController:login: user autheticated: 1 405b205e4c2d6bc","timestamp":"2015-05-23T21:20:47.065Z"}
{"level":"info","message":"2 plugins loaded: we-core,project","timestamp":"2015-05-23T21:21:16.272Z"}
{"level":"info","message":"Listening on port 9800","timestamp":"2015-05-23T21:21:17.202Z"}
{"level":"info","message":"AuthController:login: user autheticated: 2 c12552e15984f05","timestamp":"2015-05-23T21:21:17.463Z"}
{"level":"info","message":"AuthController:login: user autheticated: 1 ef340725109d410","timestamp":"2015-05-23T21:21:17.469Z"}
{"level":"info","message":"2 plugins loaded: we-core,project","timestamp":"2015-05-23T21:21:46.680Z"}
{"level":"info","message":"Listening on port 9800","timestamp":"2015-05-23T21:21:47.626Z"}
{"level":"info","message":"AuthController:login: user autheticated: 1 9bf1dcb87335c18","timestamp":"2015-05-23T21:21:47.883Z"}
{"level":"info","message":"AuthController:login: user autheticated: 2 27f0363c00575be","timestamp":"2015-05-23T21:21:47.889Z"}
{"level":"info","message":"2 plugins loaded: we-core,project","timestamp":"2015-05-23T21:22:24.210Z"}
{"level":"info","message":"Listening on port 9800","timestamp":"2015-05-23T21:22:25.187Z"}
{"level":"info","message":"AuthController:login: user autheticated: 1 1a13f19378aeadc","timestamp":"2015-05-23T21:22:25.425Z"}
{"level":"info","message":"AuthController:login: user autheticated: 2 412cd08acaeaf8d","timestamp":"2015-05-23T21:22:25.433Z"}
{"level":"info","message":"2 plugins loaded: we-core,project","timestamp":"2015-05-23T21:22:33.713Z"}
{"level":"info","message":"Listening on port 9800","timestamp":"2015-05-23T21:22:34.695Z"}
{"level":"info","message":"AuthController:login: user autheticated: 1 3822cbd2c9b55d0","timestamp":"2015-05-23T21:22:35.028Z"}
{"level":"info","message":"AuthController:login: user autheticated: 2 0075114ea8afa5c","timestamp":"2015-05-23T21:22:35.036Z"}
{"level":"info","message":"2 plugins loaded: we-core,project","timestamp":"2015-05-23T21:23:07.310Z"}
{"level":"info","message":"Listening on port 9800","timestamp":"2015-05-23T21:23:08.283Z"}
{"level":"info","message":"AuthController:login: user autheticated: 2 d7a3ca351d66eed","timestamp":"2015-05-23T21:23:08.518Z"}
{"level":"info","message":"AuthController:login: user autheticated: 1 645e964f0f726cb","timestamp":"2015-05-23T21:23:08.525Z"}
{"level":"info","message":"2 plugins loaded: we-core,project","timestamp":"2015-05-23T21:23:37.305Z"}
{"level":"info","message":"Listening on port 9800","timestamp":"2015-05-23T21:23:38.222Z"}
{"level":"info","message":"AuthController:login: user autheticated: 2 ad6134d73b9965a","timestamp":"2015-05-23T21:23:38.476Z"}
{"level":"info","message":"AuthController:login: user autheticated: 1 09f63c4a2214af3","timestamp":"2015-05-23T21:23:38.483Z"}
{"level":"info","message":"2 plugins loaded: we-core,project","timestamp":"2015-05-23T21:23:52.442Z"}
{"level":"info","message":"Listening on port 9800","timestamp":"2015-05-23T21:23:53.385Z"}
{"level":"info","message":"AuthController:login: user autheticated: 2 0e191c27db7ead2","timestamp":"2015-05-23T21:23:53.632Z"}
{"level":"info","message":"AuthController:login: user autheticated: 1 88b8b1b11629055","timestamp":"2015-05-23T21:23:53.641Z"}
{"level":"info","message":"2 plugins loaded: we-core,project","timestamp":"2015-05-23T21:24:03.193Z"}
{"level":"info","message":"Listening on port 9800","timestamp":"2015-05-23T21:24:04.122Z"}
{"level":"info","message":"AuthController:login: user autheticated: 1 dae81a98c897fab","timestamp":"2015-05-23T21:24:04.389Z"}
{"level":"info","message":"AuthController:login: user autheticated: 2 d7ed892658d78e0","timestamp":"2015-05-23T21:24:04.399Z"}
{"level":"info","message":"2 plugins loaded: we-core,project","timestamp":"2015-05-23T21:24:19.279Z"}
{"level":"info","message":"Listening on port 9800","timestamp":"2015-05-23T21:24:20.228Z"}
{"level":"info","message":"AuthController:login: user autheticated: 2 03d24e15457c551","timestamp":"2015-05-23T21:24:20.484Z"}
{"level":"info","message":"AuthController:login: user autheticated: 1 0938886873818f2","timestamp":"2015-05-23T21:24:20.491Z"}
{"level":"info","message":"2 plugins loaded: we-core,project","timestamp":"2015-05-23T21:25:06.656Z"}
{"level":"info","message":"Listening on port 9800","timestamp":"2015-05-23T21:25:07.606Z"}
{"level":"info","message":"AuthController:login: user autheticated: 1 8325d622e66f699","timestamp":"2015-05-23T21:25:07.854Z"}
{"level":"info","message":"AuthController:login: user autheticated: 2 8f956caac3c2975","timestamp":"2015-05-23T21:25:07.864Z"}
{"level":"info","message":"2 plugins loaded: we-core,project","timestamp":"2015-05-23T21:25:24.681Z"}
{"level":"info","message":"Listening on port 9800","timestamp":"2015-05-23T21:25:25.605Z"}
{"level":"info","message":"AuthController:login: user autheticated: 1 672c8bb67ba7235","timestamp":"2015-05-23T21:25:25.868Z"}
{"level":"info","message":"AuthController:login: user autheticated: 2 86ea3cbe236f59e","timestamp":"2015-05-23T21:25:25.877Z"}
{"level":"info","message":"2 plugins loaded: we-core,project","timestamp":"2015-05-23T21:31:45.161Z"}
{"level":"info","message":"Listening on port 9800","timestamp":"2015-05-23T21:31:46.095Z"}
{"level":"info","message":"AuthController:login: user autheticated: 2 a10a7e44161c562","timestamp":"2015-05-23T21:31:46.349Z"}
{"level":"info","message":"AuthController:login: user autheticated: 1 98174734137fd86","timestamp":"2015-05-23T21:31:46.356Z"}
{"level":"info","message":"2 plugins loaded: we-core,project","timestamp":"2015-05-23T21:35:03.890Z"}
{"level":"info","message":"Listening on port 9800","timestamp":"2015-05-23T21:35:04.832Z"}
{"level":"info","message":"AuthController:login: user autheticated: 1 7369c46d50924dd","timestamp":"2015-05-23T21:35:05.071Z"}
{"level":"info","message":"AuthController:login: user autheticated: 2 2183cf301b1a138","timestamp":"2015-05-23T21:35:05.080Z"}
{"level":"info","message":"2 plugins loaded: we-core,project","timestamp":"2015-05-23T21:36:18.506Z"}
{"level":"info","message":"Listening on port 9800","timestamp":"2015-05-23T21:36:19.444Z"}
{"level":"info","message":"AuthController:login: user autheticated: 1 f093e02d5b0861e","timestamp":"2015-05-23T21:36:19.692Z"}
{"level":"info","message":"AuthController:login: user autheticated: 2 ec9bcffddca7b3a","timestamp":"2015-05-23T21:36:19.698Z"}
{"level":"info","message":"2 plugins loaded: we-core,project","timestamp":"2015-05-23T21:37:39.797Z"}
{"level":"info","message":"Listening on port 9800","timestamp":"2015-05-23T21:37:40.725Z"}
{"level":"info","message":"AuthController:login: user autheticated: 2 c6e0db0bfe1d39c","timestamp":"2015-05-23T21:37:40.971Z"}
{"level":"info","message":"AuthController:login: user autheticated: 1 4e30a1a2df14319","timestamp":"2015-05-23T21:37:40.981Z"}
{"level":"info","message":"2 plugins loaded: we-core,project","timestamp":"2015-05-23T21:38:59.547Z"}
{"level":"info","message":"Listening on port 9800","timestamp":"2015-05-23T21:39:00.437Z"}
{"level":"info","message":"AuthController:login: user autheticated: 1 bb83b46d2b9a72d","timestamp":"2015-05-23T21:39:00.687Z"}
{"level":"info","message":"AuthController:login: user autheticated: 2 dc55fd139d82c6a","timestamp":"2015-05-23T21:39:00.694Z"}
{"level":"info","message":"2 plugins loaded: we-core,project","timestamp":"2015-05-23T21:39:20.850Z"}
{"level":"info","message":"Listening on port 9800","timestamp":"2015-05-23T21:39:21.772Z"}
{"level":"info","message":"AuthController:login: user autheticated: 1 a334f5c96549173","timestamp":"2015-05-23T21:39:22.002Z"}
{"level":"info","message":"AuthController:login: user autheticated: 2 c7a2e133ea6d26a","timestamp":"2015-05-23T21:39:22.007Z"}
{"level":"info","message":"2 plugins loaded: we-core,project","timestamp":"2015-05-23T21:43:59.233Z"}
{"level":"info","message":"Listening on port 9800","timestamp":"2015-05-23T21:44:00.196Z"}
{"level":"info","message":"AuthController:login: user autheticated: 1 99bad0783047a36","timestamp":"2015-05-23T21:44:00.450Z"}
{"level":"info","message":"AuthController:login: user autheticated: 2 857bd3ed0a07bdc","timestamp":"2015-05-23T21:44:00.460Z"}
{"level":"info","message":"2 plugins loaded: we-core,project","timestamp":"2015-05-23T21:44:54.608Z"}
{"level":"info","message":"Listening on port 9800","timestamp":"2015-05-23T21:44:55.548Z"}
{"level":"info","message":"AuthController:login: user autheticated: 1 8c5759d074340cb","timestamp":"2015-05-23T21:44:55.801Z"}
{"level":"info","message":"AuthController:login: user autheticated: 2 e3a5a82f05a26d5","timestamp":"2015-05-23T21:44:55.810Z"}
{"level":"info","message":"2 plugins loaded: we-core,project","timestamp":"2015-05-23T21:45:30.062Z"}
{"level":"info","message":"Listening on port 9800","timestamp":"2015-05-23T21:45:31.016Z"}
{"level":"info","message":"AuthController:login: user autheticated: 1 f6f5a796949b93a","timestamp":"2015-05-23T21:45:31.263Z"}
{"level":"info","message":"AuthController:login: user autheticated: 2 7f8d1574af7edd6","timestamp":"2015-05-23T21:45:31.269Z"}
{"level":"info","message":"2 plugins loaded: we-core,project","timestamp":"2015-05-23T21:47:02.334Z"}
{"level":"info","message":"Listening on port 9800","timestamp":"2015-05-23T21:47:03.250Z"}
{"level":"info","message":"AuthController:login: user autheticated: 2 a4a42e49e243124","timestamp":"2015-05-23T21:47:03.495Z"}
{"level":"info","message":"AuthController:login: user autheticated: 1 ce9ff1ef15fa766","timestamp":"2015-05-23T21:47:03.514Z"}
{"level":"info","message":"2 plugins loaded: we-core,project","timestamp":"2015-05-23T21:48:43.119Z"}
{"level":"info","message":"Listening on port 9800","timestamp":"2015-05-23T21:48:44.027Z"}
{"level":"info","message":"AuthController:login: user autheticated: 2 c72fbf7ae35380f","timestamp":"2015-05-23T21:48:44.273Z"}
{"level":"info","message":"AuthController:login: user autheticated: 1 50f1352420e1f3f","timestamp":"2015-05-23T21:48:44.280Z"}
{"level":"info","message":"2 plugins loaded: we-core,project","timestamp":"2015-05-23T21:49:02.778Z"}
{"level":"info","message":"Listening on port 9800","timestamp":"2015-05-23T21:49:03.756Z"}
{"level":"info","message":"AuthController:login: user autheticated: 2 93b00aae02a6eb2","timestamp":"2015-05-23T21:49:04.015Z"}
{"level":"info","message":"AuthController:login: user autheticated: 1 f8eb096f613fc92","timestamp":"2015-05-23T21:49:04.023Z"}
{"level":"info","message":"2 plugins loaded: we-core,project","timestamp":"2015-05-23T21:49:36.053Z"}
{"level":"info","message":"Listening on port 9800","timestamp":"2015-05-23T21:49:37.006Z"}
{"level":"info","message":"AuthController:login: user autheticated: 1 08875248ae39fcc","timestamp":"2015-05-23T21:49:37.252Z"}
{"level":"info","message":"AuthController:login: user autheticated: 2 7914e251f4e22c8","timestamp":"2015-05-23T21:49:37.266Z"}
{"level":"info","message":"2 plugins loaded: we-core,project","timestamp":"2015-05-23T21:50:19.768Z"}
{"level":"info","message":"Listening on port 9800","timestamp":"2015-05-23T21:50:20.740Z"}
{"level":"info","message":"AuthController:login: user autheticated: 1 f5f00651ac6c931","timestamp":"2015-05-23T21:50:20.983Z"}
{"level":"info","message":"AuthController:login: user autheticated: 2 019114cb0356f3d","timestamp":"2015-05-23T21:50:20.993Z"}
{"level":"info","message":"2 plugins loaded: we-core,project","timestamp":"2015-05-23T21:50:29.494Z"}
{"level":"info","message":"Listening on port 9800","timestamp":"2015-05-23T21:50:30.435Z"}
{"level":"info","message":"AuthController:login: user autheticated: 1 53c85f686d5ffbd","timestamp":"2015-05-23T21:50:30.672Z"}
{"level":"info","message":"AuthController:login: user autheticated: 2 49b4dd280f6c8da","timestamp":"2015-05-23T21:50:30.678Z"}
